[0m16:17:18.105824 [debug] [MainThread]: Sending event: {'category': 'dbt', 'action': 'invocation', 'label': 'start', 'context': [<snowplow_tracker.self_describing_json.SelfDescribingJson object at 0x109a30d10>, <snowplow_tracker.self_describing_json.SelfDescribingJson object at 0x10704ddf0>, <snowplow_tracker.self_describing_json.SelfDescribingJson object at 0x109f47d40>]}


============================== 16:17:18.109149 | 0c52db42-bd9d-41e2-ad15-541a6cc2ef21 ==============================
[0m16:17:18.109149 [info ] [MainThread]: Running with dbt=1.11.7
[0m16:17:18.109495 [debug] [MainThread]: running dbt with arguments {'version_check': 'True', 'profiles_dir': '/Users/mawvir/.dbt', 'no_print': 'None', 'use_experimental_parser': 'False', 'use_colors': 'True', 'target_path': 'None', 'fail_fast': 'False', 'printer_width': '80', 'debug': 'False', 'log_format': 'default', 'write_json': 'True', 'static_parser': 'True', 'introspect': 'True', 'log_cache_events': 'False', 'quiet': 'False', 'cache_selected_only': 'False', 'indirect_selection': 'eager', 'send_anonymous_usage_stats': 'True', 'partial_parse': 'True', 'warn_error': 'None', 'log_path': 'logs', 'empty': 'None', 'warn_error_options': 'WarnErrorOptionsV2(error=[], warn=[], silence=[])', 'invocation_command': 'dbt init dbt'}
[0m16:17:18.122019 [info ] [MainThread]: Creating dbt configuration folder at /Users/mawvir/.dbt
[0m16:17:37.067998 [debug] [MainThread]: Starter project path: /Users/mawvir/miniforge3/lib/python3.12/site-packages/dbt/include/starter_project
[0m16:17:37.078905 [info ] [MainThread]: 
Your new dbt project "Dine_Scout" was created!

For more information on how to configure the profiles.yml file,
please consult the dbt documentation here:

  https://docs.getdbt.com/docs/configure-your-profile

One more thing:

Need help? Don't hesitate to reach out to us via GitHub issues or on Slack:

  https://community.getdbt.com/

Happy modeling!

[0m16:17:37.079351 [info ] [MainThread]: Setting up your profile.
[0m16:17:49.340748 [debug] [MainThread]: Snowflake adapter: Setting snowflake.connector to ERROR (file logging only)
[0m16:17:49.341258 [debug] [MainThread]: Snowflake adapter: Setting botocore to ERROR (file logging only)
[0m16:17:49.341446 [debug] [MainThread]: Snowflake adapter: Setting boto3 to ERROR (file logging only)
[0m16:20:24.243666 [info ] [MainThread]: Profile Dine_Scout written to /Users/mawvir/.dbt/profiles.yml using target's profile_template.yml and your supplied values. Run 'dbt debug' to validate the connection.
[0m16:20:24.282988 [debug] [MainThread]: Resource report: {"command_name": "init", "command_success": true, "command_wall_clock_time": 186.2227, "process_in_blocks": "0", "process_kernel_time": 0.366542, "process_mem_max_rss": "187629568", "process_out_blocks": "0", "process_user_time": 3.373675}
[0m16:20:24.287293 [debug] [MainThread]: Command `dbt init` succeeded at 16:20:24.287157 after 186.23 seconds
[0m16:20:24.287914 [debug] [MainThread]: Sending event: {'category': 'dbt', 'action': 'invocation', 'label': 'end', 'context': [<snowplow_tracker.self_describing_json.SelfDescribingJson object at 0x11f0e6180>, <snowplow_tracker.self_describing_json.SelfDescribingJson object at 0x11f1787d0>, <snowplow_tracker.self_describing_json.SelfDescribingJson object at 0x11dafe120>]}
[0m16:20:24.288377 [debug] [MainThread]: Flushing usage events
[0m16:20:24.829794 [debug] [MainThread]: An error was encountered while trying to flush usage events
[0m16:20:51.815670 [debug] [MainThread]: Sending event: {'category': 'dbt', 'action': 'invocation', 'label': 'start', 'context': [<snowplow_tracker.self_describing_json.SelfDescribingJson object at 0x113e80b60>, <snowplow_tracker.self_describing_json.SelfDescribingJson object at 0x11487a0c0>, <snowplow_tracker.self_describing_json.SelfDescribingJson object at 0x114879cd0>]}


============================== 16:20:51.818943 | c71522fc-e6ec-44b4-be93-612614450573 ==============================
[0m16:20:51.818943 [info ] [MainThread]: Running with dbt=1.11.7
[0m16:20:51.819284 [debug] [MainThread]: running dbt with arguments {'version_check': 'True', 'fail_fast': 'False', 'debug': 'False', 'target_path': 'None', 'log_format': 'default', 'introspect': 'True', 'static_parser': 'True', 'log_cache_events': 'False', 'use_experimental_parser': 'False', 'invocation_command': 'dbt debug', 'quiet': 'False', 'empty': 'None', 'partial_parse': 'True', 'indirect_selection': 'eager', 'cache_selected_only': 'False', 'send_anonymous_usage_stats': 'True', 'printer_width': '80', 'write_json': 'True', 'use_colors': 'True', 'warn_error': 'None', 'log_path': 'logs', 'profiles_dir': '/Users/mawvir/.dbt', 'no_print': 'None', 'warn_error_options': 'WarnErrorOptionsV2(error=[], warn=[], silence=[])'}
[0m16:20:51.831704 [info ] [MainThread]: dbt version: 1.11.7
[0m16:20:51.831953 [info ] [MainThread]: python version: 3.12.11
[0m16:20:51.832123 [info ] [MainThread]: python path: /Users/mawvir/miniforge3/bin/python3.12
[0m16:20:51.832281 [info ] [MainThread]: os info: macOS-26.3-arm64-arm-64bit
[0m16:20:52.522306 [debug] [MainThread]: Snowflake adapter: Setting snowflake.connector to ERROR (file logging only)
[0m16:20:52.522618 [debug] [MainThread]: Snowflake adapter: Setting botocore to ERROR (file logging only)
[0m16:20:52.522796 [debug] [MainThread]: Snowflake adapter: Setting boto3 to ERROR (file logging only)
[0m16:20:52.554457 [info ] [MainThread]: Using profiles dir at /Users/mawvir/.dbt
[0m16:20:52.554692 [info ] [MainThread]: Using profiles.yml file at /Users/mawvir/.dbt/profiles.yml
[0m16:20:52.554862 [info ] [MainThread]: Using dbt_project.yml file at /Users/mawvir/Desktop/Dine-Scout/dbt_project.yml
[0m16:20:52.555303 [info ] [MainThread]: adapter type: snowflake
[0m16:20:52.555503 [info ] [MainThread]: adapter version: 1.11.3
[0m16:20:52.555668 [info ] [MainThread]: Configuration:
[0m16:20:52.555823 [info ] [MainThread]:   profiles.yml file [[32mOK found and valid[0m]
[0m16:20:52.555965 [info ] [MainThread]:   dbt_project.yml file [[31mERROR not found[0m]
[0m16:20:52.556103 [info ] [MainThread]: Required dependencies:
[0m16:20:52.556280 [debug] [MainThread]: Executing "git --help"
[0m16:20:52.579522 [debug] [MainThread]: STDOUT: "b"usage: git [-v | --version] [-h | --help] [-C <path>] [-c <name>=<value>]\n           [--exec-path[=<path>]] [--html-path] [--man-path] [--info-path]\n           [-p | --paginate | -P | --no-pager] [--no-replace-objects] [--no-lazy-fetch]\n           [--no-optional-locks] [--no-advice] [--bare] [--git-dir=<path>]\n           [--work-tree=<path>] [--namespace=<name>] [--config-env=<name>=<envvar>]\n           <command> [<args>]\n\nThese are common Git commands used in various situations:\n\nstart a working area (see also: git help tutorial)\n   clone     Clone a repository into a new directory\n   init      Create an empty Git repository or reinitialize an existing one\n\nwork on the current change (see also: git help everyday)\n   add       Add file contents to the index\n   mv        Move or rename a file, a directory, or a symlink\n   restore   Restore working tree files\n   rm        Remove files from the working tree and from the index\n\nexamine the history and state (see also: git help revisions)\n   bisect    Use binary search to find the commit that introduced a bug\n   diff      Show changes between commits, commit and working tree, etc\n   grep      Print lines matching a pattern\n   log       Show commit logs\n   show      Show various types of objects\n   status    Show the working tree status\n\ngrow, mark and tweak your common history\n   branch    List, create, or delete branches\n   commit    Record changes to the repository\n   merge     Join two or more development histories together\n   rebase    Reapply commits on top of another base tip\n   reset     Reset current HEAD to the specified state\n   switch    Switch branches\n   tag       Create, list, delete or verify a tag object signed with GPG\n\ncollaborate (see also: git help workflows)\n   fetch     Download objects and refs from another repository\n   pull      Fetch from and integrate with another repository or a local branch\n   push      Update remote refs along with associated objects\n\n'git help -a' and 'git help -g' list available subcommands and some\nconcept guides. See 'git help <command>' or 'git help <concept>'\nto read about a specific subcommand or concept.\nSee 'git help git' for an overview of the system.\n""
[0m16:20:52.580106 [debug] [MainThread]: STDERR: "b''"
[0m16:20:52.580327 [info ] [MainThread]:  - git [[32mOK found[0m]

[0m16:20:52.580532 [info ] [MainThread]: Connection:
[0m16:20:52.580737 [info ] [MainThread]:   account: ghdgwej-rdb15236
[0m16:20:52.580883 [info ] [MainThread]:   user: mjviray
[0m16:20:52.581023 [info ] [MainThread]:   database: DINE_SCOUT
[0m16:20:52.581157 [info ] [MainThread]:   warehouse: COMPUTE_WH
[0m16:20:52.581290 [info ] [MainThread]:   role: ACCOUNTADMIN
[0m16:20:52.581421 [info ] [MainThread]:   schema: STAGING
[0m16:20:52.581549 [info ] [MainThread]:   authenticator: None
[0m16:20:52.581679 [info ] [MainThread]:   oauth_client_id: None
[0m16:20:52.581809 [info ] [MainThread]:   query_tag: None
[0m16:20:52.581939 [info ] [MainThread]:   client_session_keep_alive: False
[0m16:20:52.582070 [info ] [MainThread]:   host: None
[0m16:20:52.582204 [info ] [MainThread]:   port: None
[0m16:20:52.582334 [info ] [MainThread]:   proxy_host: None
[0m16:20:52.582467 [info ] [MainThread]:   proxy_port: None
[0m16:20:52.582595 [info ] [MainThread]:   protocol: None
[0m16:20:52.582731 [info ] [MainThread]:   connect_retries: 1
[0m16:20:52.582860 [info ] [MainThread]:   connect_timeout: None
[0m16:20:52.582989 [info ] [MainThread]:   retry_on_database_errors: False
[0m16:20:52.583117 [info ] [MainThread]:   retry_all: False
[0m16:20:52.583248 [info ] [MainThread]:   insecure_mode: False
[0m16:20:52.583655 [info ] [MainThread]:   reuse_connections: True
[0m16:20:52.583869 [info ] [MainThread]:   s3_stage_vpce_dns_name: None
[0m16:20:52.584061 [info ] [MainThread]:   platform_detection_timeout_seconds: 0.0
[0m16:20:52.584422 [info ] [MainThread]: Registered adapter: snowflake=1.11.3
[0m16:20:52.656938 [debug] [MainThread]: Acquiring new snowflake connection 'debug'
[0m16:20:52.698801 [debug] [MainThread]: Using snowflake connection "debug"
[0m16:20:52.699028 [debug] [MainThread]: On debug: select 1 as id
[0m16:20:52.699182 [debug] [MainThread]: Opening a new connection, currently in state init
[0m16:20:53.681285 [debug] [MainThread]: SQL status: SUCCESS 1 in 0.982 seconds
[0m16:20:53.682137 [info ] [MainThread]:   Connection test: [[32mOK connection ok[0m]

[0m16:20:53.682440 [info ] [MainThread]: [31m1 check failed:[0m
[0m16:20:53.682617 [info ] [MainThread]: Project loading failed for the following reason:
 project path </Users/mawvir/Desktop/Dine-Scout/dbt_project.yml> not found

[0m16:20:53.686780 [debug] [MainThread]: Resource report: {"command_name": "debug", "command_success": false, "command_wall_clock_time": 1.9140584, "process_in_blocks": "0", "process_kernel_time": 0.385696, "process_mem_max_rss": "208666624", "process_out_blocks": "0", "process_user_time": 3.608179}
[0m16:20:53.687180 [debug] [MainThread]: Command `dbt debug` failed at 16:20:53.687113 after 1.91 seconds
[0m16:20:53.687391 [debug] [MainThread]: Connection 'debug' was left open.
[0m16:20:53.687547 [debug] [MainThread]: On debug: Close
[0m16:20:53.869899 [debug] [MainThread]: Sending event: {'category': 'dbt', 'action': 'invocation', 'label': 'end', 'context': [<snowplow_tracker.self_describing_json.SelfDescribingJson object at 0x114879f10>, <snowplow_tracker.self_describing_json.SelfDescribingJson object at 0x1237f8770>, <snowplow_tracker.self_describing_json.SelfDescribingJson object at 0x11595bb90>]}
[0m16:20:53.870989 [debug] [MainThread]: Flushing usage events
[0m16:20:54.374374 [debug] [MainThread]: An error was encountered while trying to flush usage events
[0m21:45:17.205510 [debug] [MainThread]: Sending event: {'category': 'dbt', 'action': 'invocation', 'label': 'start', 'context': [<snowplow_tracker.self_describing_json.SelfDescribingJson object at 0x10a0b38f0>, <snowplow_tracker.self_describing_json.SelfDescribingJson object at 0x10a77a3f0>, <snowplow_tracker.self_describing_json.SelfDescribingJson object at 0x10a77a000>]}


============================== 21:45:17.365201 | c77369ce-764d-46a8-9981-103bd47780d3 ==============================
[0m21:45:17.365201 [info ] [MainThread]: Running with dbt=1.11.7
[0m21:45:17.368458 [debug] [MainThread]: running dbt with arguments {'target_path': 'None', 'quiet': 'False', 'introspect': 'True', 'warn_error': 'None', 'indirect_selection': 'eager', 'static_parser': 'True', 'use_colors': 'True', 'use_experimental_parser': 'False', 'printer_width': '80', 'debug': 'False', 'invocation_command': 'dbt test', 'write_json': 'True', 'profiles_dir': '/Users/mawvir/.dbt', 'fail_fast': 'False', 'empty': 'None', 'no_print': 'None', 'log_path': 'logs', 'version_check': 'True', 'log_format': 'default', 'warn_error_options': 'WarnErrorOptionsV2(error=[], warn=[], silence=[])', 'cache_selected_only': 'False', 'partial_parse': 'True', 'send_anonymous_usage_stats': 'True', 'log_cache_events': 'False'}
[0m21:45:17.371543 [error] [MainThread]: Encountered an error:
Runtime Error
  No dbt_project.yml found at expected path /Users/mawvir/Desktop/Dine-Scout/dbt_project.yml
  Verify that each entry within packages.yml (and their transitive dependencies) contains a file named dbt_project.yml
  
[0m21:45:17.545630 [debug] [MainThread]: Resource report: {"command_name": "test", "command_success": false, "command_wall_clock_time": 0.39175233, "process_in_blocks": "0", "process_kernel_time": 0.252696, "process_mem_max_rss": "125108224", "process_out_blocks": "0", "process_user_time": 1.504973}
[0m21:45:17.574686 [debug] [MainThread]: Command `dbt test` failed at 21:45:17.574142 after 0.49 seconds
[0m21:45:17.576147 [debug] [MainThread]: Sending event: {'category': 'dbt', 'action': 'invocation', 'label': 'end', 'context': [<snowplow_tracker.self_describing_json.SelfDescribingJson object at 0x109bd2db0>, <snowplow_tracker.self_describing_json.SelfDescribingJson object at 0x10a70a6f0>, <snowplow_tracker.self_describing_json.SelfDescribingJson object at 0x10a3c8e30>]}
[0m21:45:17.576888 [debug] [MainThread]: Flushing usage events
[0m21:45:18.212963 [debug] [MainThread]: An error was encountered while trying to flush usage events
